[0.039s] Invoking command in '/sim_ws/src/pure_pursuit/build/pure_pursuit': CMAKE_PREFIX_PATH=/opt/ros/foxy /usr/bin/cmake --build /sim_ws/src/pure_pursuit/build/pure_pursuit -- -j12 -l12
[0.096s] [35m[1mScanning dependencies of target pure_pursuit_node[0m
[0.110s] [ 50%] Built target record_waypoint_node
[0.130s] [ 75%] [32mBuilding CXX object CMakeFiles/pure_pursuit_node.dir/src/pure_pursuit_node.cpp.o[0m
[3.983s] [100%] [32m[1mLinking CXX executable pure_pursuit_node[0m
[4.168s] [100%] Built target pure_pursuit_node
[4.185s] Invoked command in '/sim_ws/src/pure_pursuit/build/pure_pursuit' returned '0': CMAKE_PREFIX_PATH=/opt/ros/foxy /usr/bin/cmake --build /sim_ws/src/pure_pursuit/build/pure_pursuit -- -j12 -l12
[4.220s] Invoking command in '/sim_ws/src/pure_pursuit/build/pure_pursuit': CMAKE_PREFIX_PATH=/opt/ros/foxy /usr/bin/cmake --install /sim_ws/src/pure_pursuit/build/pure_pursuit
[4.226s] -- Install configuration: ""
[4.227s] -- Execute custom install script
[4.227s] -- Up-to-date symlink: /sim_ws/src/pure_pursuit/install/pure_pursuit/lib/pure_pursuit/pure_pursuit_node
[4.227s] -- Up-to-date symlink: /sim_ws/src/pure_pursuit/install/pure_pursuit/lib/pure_pursuit/record_waypoint_node
[4.227s] -- Up-to-date symlink: /sim_ws/src/pure_pursuit/install/pure_pursuit/share/pure_pursuit/environment/pythonpath.sh
[4.228s] -- Up-to-date symlink: /sim_ws/src/pure_pursuit/install/pure_pursuit/share/pure_pursuit/environment/pythonpath.dsv
[4.228s] -- Up-to-date symlink: /sim_ws/src/pure_pursuit/install/pure_pursuit/lib/python3.8/site-packages/pure_pursuit/__init__.py
[4.228s] -- Up-to-date symlink: /sim_ws/src/pure_pursuit/install/pure_pursuit/lib/pure_pursuit/pure_pursuit_node.py
[4.229s] -- Up-to-date symlink: /sim_ws/src/pure_pursuit/install/pure_pursuit/share/pure_pursuit/config/pure_pursuit_params.yaml
[4.229s] -- Up-to-date symlink: /sim_ws/src/pure_pursuit/install/pure_pursuit/share/pure_pursuit/launch/pure_pursuit_launch.py
[4.229s] -- Up-to-date symlink: /sim_ws/src/pure_pursuit/install/pure_pursuit/share/pure_pursuit/launch/record_waypoint_launch.py
[4.230s] -- Up-to-date symlink: /sim_ws/src/pure_pursuit/install/pure_pursuit/share/pure_pursuit/waypoints/waypoints.txt
[4.230s] -- Up-to-date symlink: /sim_ws/src/pure_pursuit/install/pure_pursuit/share/ament_index/resource_index/package_run_dependencies/pure_pursuit
[4.230s] -- Up-to-date symlink: /sim_ws/src/pure_pursuit/install/pure_pursuit/share/ament_index/resource_index/parent_prefix_path/pure_pursuit
[4.230s] -- Up-to-date symlink: /sim_ws/src/pure_pursuit/install/pure_pursuit/share/pure_pursuit/environment/ament_prefix_path.sh
[4.231s] -- Up-to-date symlink: /sim_ws/src/pure_pursuit/install/pure_pursuit/share/pure_pursuit/environment/ament_prefix_path.dsv
[4.231s] -- Up-to-date symlink: /sim_ws/src/pure_pursuit/install/pure_pursuit/share/pure_pursuit/environment/path.sh
[4.231s] -- Up-to-date symlink: /sim_ws/src/pure_pursuit/install/pure_pursuit/share/pure_pursuit/environment/path.dsv
[4.231s] -- Up-to-date symlink: /sim_ws/src/pure_pursuit/install/pure_pursuit/share/pure_pursuit/local_setup.bash
[4.232s] -- Up-to-date symlink: /sim_ws/src/pure_pursuit/install/pure_pursuit/share/pure_pursuit/local_setup.sh
[4.232s] -- Up-to-date symlink: /sim_ws/src/pure_pursuit/install/pure_pursuit/share/pure_pursuit/local_setup.zsh
[4.232s] -- Up-to-date symlink: /sim_ws/src/pure_pursuit/install/pure_pursuit/share/pure_pursuit/local_setup.dsv
[4.233s] -- Symlinking: /sim_ws/src/pure_pursuit/install/pure_pursuit/share/pure_pursuit/package.dsv
[4.241s] -- Up-to-date symlink: /sim_ws/src/pure_pursuit/install/pure_pursuit/share/ament_index/resource_index/packages/pure_pursuit
[4.241s] -- Up-to-date symlink: /sim_ws/src/pure_pursuit/install/pure_pursuit/share/pure_pursuit/cmake/pure_pursuitConfig.cmake
[4.241s] -- Up-to-date symlink: /sim_ws/src/pure_pursuit/install/pure_pursuit/share/pure_pursuit/cmake/pure_pursuitConfig-version.cmake
[4.242s] -- Up-to-date symlink: /sim_ws/src/pure_pursuit/install/pure_pursuit/share/pure_pursuit/package.xml
[4.268s] Listing '/sim_ws/src/pure_pursuit/install/pure_pursuit/lib/python3.8/site-packages/pure_pursuit'...
[4.275s] Invoked command in '/sim_ws/src/pure_pursuit/build/pure_pursuit' returned '0': CMAKE_PREFIX_PATH=/opt/ros/foxy /usr/bin/cmake --install /sim_ws/src/pure_pursuit/build/pure_pursuit
