[0.278s] DEBUG:colcon:Command line arguments: ['/usr/bin/colcon', 'build', '--symlink-install', '--packages-select', 'pure_pursuit']
[0.279s] DEBUG:colcon:Parsed command line arguments: Namespace(ament_cmake_args=None, base_paths=['.'], build_base='build', catkin_cmake_args=None, catkin_skip_building_tests=False, cmake_args=None, cmake_clean_cache=False, cmake_clean_first=False, cmake_force_configure=False, cmake_target=None, cmake_target_skip_unavailable=False, continue_on_error=False, event_handlers=None, executor='parallel', ignore_user_meta=False, install_base='install', log_base=None, log_level=None, main=<bound method BuildVerb.main of <colcon_core.verb.build.BuildVerb object at 0x7f04ce0914c0>>, merge_install=False, metas=['./colcon.meta'], mixin=None, mixin_files=None, mixin_verb=('build',), packages_above=None, packages_above_and_dependencies=None, packages_above_depth=None, packages_end=None, packages_ignore=None, packages_ignore_regex=None, packages_select=['pure_pursuit'], packages_select_build_failed=False, packages_select_by_dep=None, packages_select_regex=None, packages_select_test_failures=False, packages_skip=None, packages_skip_build_finished=False, packages_skip_by_dep=None, packages_skip_regex=None, packages_skip_test_passed=False, packages_skip_up_to=None, packages_start=None, packages_up_to=None, packages_up_to_regex=None, parallel_workers=12, paths=None, symlink_install=True, test_result_base=None, verb_extension=<colcon_core.verb.build.BuildVerb object at 0x7f04ce0914c0>, verb_name='build', verb_parser=<colcon_mixin.mixin.mixin_argument.MixinArgumentDecorator object at 0x7f04ce091b20>)
[0.305s] Level 1:colcon.colcon_core.package_discovery:discover_packages(colcon_meta) check parameters
[0.305s] INFO:colcon.colcon_metadata.package_discovery.colcon_meta:Using configuration from '/root/.colcon/metadata/default/Gazebo.meta'
[0.306s] INFO:colcon.colcon_metadata.package_discovery.colcon_meta:Using configuration from '/root/.colcon/metadata/default/fastrtps.meta'
[0.306s] Level 1:colcon.colcon_core.package_discovery:discover_packages(recursive) check parameters
[0.306s] Level 1:colcon.colcon_core.package_discovery:discover_packages(ignore) check parameters
[0.306s] Level 1:colcon.colcon_core.package_discovery:discover_packages(path) check parameters
[0.306s] Level 1:colcon.colcon_core.package_discovery:discover_packages(colcon_meta) discover
[0.306s] Level 1:colcon.colcon_core.package_discovery:discover_packages(recursive) discover
[0.306s] INFO:colcon.colcon_core.package_discovery:Crawling recursively for packages in '/sim_ws/src/pure_pursuit'
[0.306s] Level 1:colcon.colcon_core.package_identification:_identify(.) by extensions ['ignore', 'ignore_ament_install']
[0.306s] Level 1:colcon.colcon_core.package_identification:_identify(.) by extension 'ignore'
[0.306s] Level 1:colcon.colcon_core.package_identification:_identify(.) by extension 'ignore_ament_install'
[0.307s] Level 1:colcon.colcon_core.package_identification:_identify(.) by extensions ['colcon_pkg']
[0.307s] Level 1:colcon.colcon_core.package_identification:_identify(.) by extension 'colcon_pkg'
[0.307s] Level 1:colcon.colcon_core.package_identification:_identify(.) by extensions ['colcon_meta']
[0.307s] Level 1:colcon.colcon_core.package_identification:_identify(.) by extension 'colcon_meta'
[0.307s] Level 1:colcon.colcon_core.package_identification:_identify(.) by extensions ['ros']
[0.307s] Level 1:colcon.colcon_core.package_identification:_identify(.) by extension 'ros'
[0.327s] DEBUG:colcon.colcon_core.package_identification:Package '.' with type 'ros.ament_cmake' and name 'pure_pursuit'
[0.328s] Level 1:colcon.colcon_core.package_discovery:discover_packages(recursive) using defaults
[0.328s] Level 1:colcon.colcon_core.package_discovery:discover_packages(ignore) discover
[0.328s] Level 1:colcon.colcon_core.package_discovery:discover_packages(ignore) using defaults
[0.328s] Level 1:colcon.colcon_core.package_discovery:discover_packages(path) discover
[0.328s] Level 1:colcon.colcon_core.package_discovery:discover_packages(path) using defaults
[0.346s] Level 5:colcon.colcon_core.verb:set package 'pure_pursuit' build argument 'cmake_args' from command line to 'None'
[0.346s] Level 5:colcon.colcon_core.verb:set package 'pure_pursuit' build argument 'cmake_target' from command line to 'None'
[0.346s] Level 5:colcon.colcon_core.verb:set package 'pure_pursuit' build argument 'cmake_target_skip_unavailable' from command line to 'False'
[0.346s] Level 5:colcon.colcon_core.verb:set package 'pure_pursuit' build argument 'cmake_clean_cache' from command line to 'False'
[0.346s] Level 5:colcon.colcon_core.verb:set package 'pure_pursuit' build argument 'cmake_clean_first' from command line to 'False'
[0.346s] Level 5:colcon.colcon_core.verb:set package 'pure_pursuit' build argument 'cmake_force_configure' from command line to 'False'
[0.346s] Level 5:colcon.colcon_core.verb:set package 'pure_pursuit' build argument 'ament_cmake_args' from command line to 'None'
[0.346s] Level 5:colcon.colcon_core.verb:set package 'pure_pursuit' build argument 'catkin_cmake_args' from command line to 'None'
[0.346s] Level 5:colcon.colcon_core.verb:set package 'pure_pursuit' build argument 'catkin_skip_building_tests' from command line to 'False'
[0.346s] DEBUG:colcon.colcon_core.verb:Building package 'pure_pursuit' with the following arguments: {'ament_cmake_args': None, 'build_base': '/sim_ws/src/pure_pursuit/build/pure_pursuit', 'catkin_cmake_args': None, 'catkin_skip_building_tests': False, 'cmake_args': None, 'cmake_clean_cache': False, 'cmake_clean_first': False, 'cmake_force_configure': False, 'cmake_target': None, 'cmake_target_skip_unavailable': False, 'install_base': '/sim_ws/src/pure_pursuit/install/pure_pursuit', 'merge_install': False, 'path': '/sim_ws/src/pure_pursuit', 'symlink_install': True, 'test_result_base': None}
[0.347s] INFO:colcon.colcon_core.executor:Executing jobs using 'parallel' executor
[0.351s] DEBUG:colcon.colcon_parallel_executor.executor.parallel:run_until_complete
[0.351s] INFO:colcon.colcon_ros.task.ament_cmake.build:Building ROS package in '/sim_ws/src/pure_pursuit' with build type 'ament_cmake'
[0.351s] INFO:colcon.colcon_cmake.task.cmake.build:Building CMake package in '/sim_ws/src/pure_pursuit'
[0.356s] INFO:colcon.colcon_core.plugin_system:Skipping extension 'colcon_core.shell.bat': Not used on non-Windows systems
[0.357s] INFO:colcon.colcon_core.shell:Skip shell extension 'powershell' for command environment: Not usable outside of PowerShell
[0.357s] DEBUG:colcon.colcon_core.shell:Skip shell extension 'dsv' for command environment
[0.376s] DEBUG:colcon.colcon_core.event_handler.log_command:Invoking command in '/sim_ws/src/pure_pursuit/build/pure_pursuit': CMAKE_PREFIX_PATH=/opt/ros/foxy /usr/bin/cmake --build /sim_ws/src/pure_pursuit/build/pure_pursuit -- -j12 -l12
[0.439s] DEBUG:colcon.colcon_core.event_handler.log_command:Invoked command in '/sim_ws/src/pure_pursuit/build/pure_pursuit' returned '0': CMAKE_PREFIX_PATH=/opt/ros/foxy /usr/bin/cmake --build /sim_ws/src/pure_pursuit/build/pure_pursuit -- -j12 -l12
[0.476s] DEBUG:colcon.colcon_core.event_handler.log_command:Invoking command in '/sim_ws/src/pure_pursuit/build/pure_pursuit': CMAKE_PREFIX_PATH=/opt/ros/foxy /usr/bin/cmake --install /sim_ws/src/pure_pursuit/build/pure_pursuit
[0.527s] Level 1:colcon.colcon_core.environment:create_environment_scripts_only(pure_pursuit)
[0.528s] DEBUG:colcon.colcon_core.event_handler.log_command:Invoked command in '/sim_ws/src/pure_pursuit/build/pure_pursuit' returned '0': CMAKE_PREFIX_PATH=/opt/ros/foxy /usr/bin/cmake --install /sim_ws/src/pure_pursuit/build/pure_pursuit
[0.533s] Level 1:colcon.colcon_core.environment:checking '/sim_ws/src/pure_pursuit/install/pure_pursuit' for CMake module files
[0.534s] Level 1:colcon.colcon_core.environment:checking '/sim_ws/src/pure_pursuit/install/pure_pursuit' for CMake config files
[0.534s] Level 1:colcon.colcon_core.shell:create_environment_hook('pure_pursuit', 'cmake_prefix_path')
[0.535s] INFO:colcon.colcon_core.shell:Creating environment hook '/sim_ws/src/pure_pursuit/install/pure_pursuit/share/pure_pursuit/hook/cmake_prefix_path.ps1'
[0.536s] INFO:colcon.colcon_core.shell:Creating environment descriptor '/sim_ws/src/pure_pursuit/install/pure_pursuit/share/pure_pursuit/hook/cmake_prefix_path.dsv'
[0.536s] INFO:colcon.colcon_core.shell:Creating environment hook '/sim_ws/src/pure_pursuit/install/pure_pursuit/share/pure_pursuit/hook/cmake_prefix_path.sh'
[0.537s] Level 1:colcon.colcon_core.environment:checking '/sim_ws/src/pure_pursuit/install/pure_pursuit/lib'
[0.537s] Level 1:colcon.colcon_core.environment:checking '/sim_ws/src/pure_pursuit/install/pure_pursuit/bin'
[0.538s] Level 1:colcon.colcon_core.environment:checking '/sim_ws/src/pure_pursuit/install/pure_pursuit/lib/pkgconfig/pure_pursuit.pc'
[0.538s] Level 1:colcon.colcon_core.environment:checking '/sim_ws/src/pure_pursuit/install/pure_pursuit/lib/python3.8/site-packages'
[0.538s] Level 1:colcon.colcon_core.shell:create_environment_hook('pure_pursuit', 'pythonpath')
[0.540s] INFO:colcon.colcon_core.shell:Creating environment hook '/sim_ws/src/pure_pursuit/install/pure_pursuit/share/pure_pursuit/hook/pythonpath.ps1'
[0.540s] INFO:colcon.colcon_core.shell:Creating environment descriptor '/sim_ws/src/pure_pursuit/install/pure_pursuit/share/pure_pursuit/hook/pythonpath.dsv'
[0.540s] INFO:colcon.colcon_core.shell:Creating environment hook '/sim_ws/src/pure_pursuit/install/pure_pursuit/share/pure_pursuit/hook/pythonpath.sh'
[0.541s] Level 1:colcon.colcon_core.environment:checking '/sim_ws/src/pure_pursuit/install/pure_pursuit/bin'
[0.542s] INFO:colcon.colcon_core.shell:Creating package script '/sim_ws/src/pure_pursuit/install/pure_pursuit/share/pure_pursuit/package.ps1'
[0.543s] INFO:colcon.colcon_core.shell:Creating package descriptor '/sim_ws/src/pure_pursuit/install/pure_pursuit/share/pure_pursuit/package.dsv'
[0.544s] INFO:colcon.colcon_core.shell:Creating package script '/sim_ws/src/pure_pursuit/install/pure_pursuit/share/pure_pursuit/package.sh'
[0.546s] INFO:colcon.colcon_core.shell:Creating package script '/sim_ws/src/pure_pursuit/install/pure_pursuit/share/pure_pursuit/package.bash'
[0.547s] INFO:colcon.colcon_core.shell:Creating package script '/sim_ws/src/pure_pursuit/install/pure_pursuit/share/pure_pursuit/package.zsh'
[0.548s] Level 1:colcon.colcon_core.environment:create_file_with_runtime_dependencies(/sim_ws/src/pure_pursuit/install/pure_pursuit/share/colcon-core/packages/pure_pursuit)
[0.574s] Level 1:colcon.colcon_core.environment:create_environment_scripts_only(pure_pursuit)
[0.576s] Level 1:colcon.colcon_core.environment:checking '/sim_ws/src/pure_pursuit/install/pure_pursuit' for CMake module files
[0.577s] Level 1:colcon.colcon_core.environment:checking '/sim_ws/src/pure_pursuit/install/pure_pursuit' for CMake config files
[0.577s] Level 1:colcon.colcon_core.shell:create_environment_hook('pure_pursuit', 'cmake_prefix_path')
[0.579s] INFO:colcon.colcon_core.shell:Creating environment hook '/sim_ws/src/pure_pursuit/install/pure_pursuit/share/pure_pursuit/hook/cmake_prefix_path.ps1'
[0.579s] INFO:colcon.colcon_core.shell:Creating environment descriptor '/sim_ws/src/pure_pursuit/install/pure_pursuit/share/pure_pursuit/hook/cmake_prefix_path.dsv'
[0.580s] INFO:colcon.colcon_core.shell:Creating environment hook '/sim_ws/src/pure_pursuit/install/pure_pursuit/share/pure_pursuit/hook/cmake_prefix_path.sh'
[0.580s] Level 1:colcon.colcon_core.environment:checking '/sim_ws/src/pure_pursuit/install/pure_pursuit/lib'
[0.580s] Level 1:colcon.colcon_core.environment:checking '/sim_ws/src/pure_pursuit/install/pure_pursuit/bin'
[0.580s] Level 1:colcon.colcon_core.environment:checking '/sim_ws/src/pure_pursuit/install/pure_pursuit/lib/pkgconfig/pure_pursuit.pc'
[0.581s] Level 1:colcon.colcon_core.environment:checking '/sim_ws/src/pure_pursuit/install/pure_pursuit/lib/python3.8/site-packages'
[0.581s] Level 1:colcon.colcon_core.shell:create_environment_hook('pure_pursuit', 'pythonpath')
[0.582s] INFO:colcon.colcon_core.shell:Creating environment hook '/sim_ws/src/pure_pursuit/install/pure_pursuit/share/pure_pursuit/hook/pythonpath.ps1'
[0.583s] INFO:colcon.colcon_core.shell:Creating environment descriptor '/sim_ws/src/pure_pursuit/install/pure_pursuit/share/pure_pursuit/hook/pythonpath.dsv'
[0.583s] INFO:colcon.colcon_core.shell:Creating environment hook '/sim_ws/src/pure_pursuit/install/pure_pursuit/share/pure_pursuit/hook/pythonpath.sh'
[0.583s] Level 1:colcon.colcon_core.environment:checking '/sim_ws/src/pure_pursuit/install/pure_pursuit/bin'
[0.585s] INFO:colcon.colcon_core.shell:Creating package script '/sim_ws/src/pure_pursuit/install/pure_pursuit/share/pure_pursuit/package.ps1'
[0.585s] INFO:colcon.colcon_core.shell:Creating package descriptor '/sim_ws/src/pure_pursuit/install/pure_pursuit/share/pure_pursuit/package.dsv'
[0.586s] INFO:colcon.colcon_core.shell:Creating package script '/sim_ws/src/pure_pursuit/install/pure_pursuit/share/pure_pursuit/package.sh'
[0.586s] INFO:colcon.colcon_core.shell:Creating package script '/sim_ws/src/pure_pursuit/install/pure_pursuit/share/pure_pursuit/package.bash'
[0.587s] INFO:colcon.colcon_core.shell:Creating package script '/sim_ws/src/pure_pursuit/install/pure_pursuit/share/pure_pursuit/package.zsh'
[0.587s] Level 1:colcon.colcon_core.environment:create_file_with_runtime_dependencies(/sim_ws/src/pure_pursuit/install/pure_pursuit/share/colcon-core/packages/pure_pursuit)
[0.587s] DEBUG:colcon.colcon_parallel_executor.executor.parallel:closing loop
[0.588s] DEBUG:colcon.colcon_parallel_executor.executor.parallel:loop closed
[0.588s] DEBUG:colcon.colcon_parallel_executor.executor.parallel:run_until_complete finished with '0'
[0.589s] DEBUG:colcon.colcon_core.event_reactor:joining thread
[0.593s] INFO:colcon.colcon_core.plugin_system:Skipping extension 'colcon_notification.desktop_notification.notify_send': Could not find 'notify-send'
[0.594s] INFO:colcon.colcon_core.plugin_system:Skipping extension 'colcon_notification.desktop_notification.terminal_notifier': Not used on non-Darwin systems
[0.594s] INFO:colcon.colcon_core.plugin_system:Skipping extension 'colcon_notification.desktop_notification.win32': Not used on non-Windows systems
[0.594s] INFO:colcon.colcon_notification.desktop_notification:Sending desktop notification using 'notify2'
[0.596s] DEBUG:colcon.colcon_notification.desktop_notification.notify2:Failed to initialize notify2: org.freedesktop.DBus.Error.Spawn.ExecFailed: /usr/bin/dbus-launch terminated abnormally without any error message
[0.596s] DEBUG:colcon.colcon_core.event_reactor:joined thread
[0.598s] INFO:colcon.colcon_core.shell:Creating prefix script '/sim_ws/src/pure_pursuit/install/local_setup.ps1'
[0.599s] INFO:colcon.colcon_core.shell:Creating prefix util module '/sim_ws/src/pure_pursuit/install/_local_setup_util_ps1.py'
[0.601s] INFO:colcon.colcon_core.shell:Creating prefix chain script '/sim_ws/src/pure_pursuit/install/setup.ps1'
[0.602s] INFO:colcon.colcon_core.shell:Creating prefix script '/sim_ws/src/pure_pursuit/install/local_setup.sh'
[0.603s] INFO:colcon.colcon_core.shell:Creating prefix util module '/sim_ws/src/pure_pursuit/install/_local_setup_util_sh.py'
[0.604s] INFO:colcon.colcon_core.shell:Creating prefix chain script '/sim_ws/src/pure_pursuit/install/setup.sh'
[0.606s] INFO:colcon.colcon_core.shell:Creating prefix script '/sim_ws/src/pure_pursuit/install/local_setup.bash'
[0.607s] INFO:colcon.colcon_core.shell:Creating prefix chain script '/sim_ws/src/pure_pursuit/install/setup.bash'
[0.608s] INFO:colcon.colcon_core.shell:Creating prefix script '/sim_ws/src/pure_pursuit/install/local_setup.zsh'
[0.608s] INFO:colcon.colcon_core.shell:Creating prefix chain script '/sim_ws/src/pure_pursuit/install/setup.zsh'
