[0.022s] Invoking command in '/sim_ws/src/pure_pursuit/build/pure_pursuit': CMAKE_PREFIX_PATH=/opt/ros/foxy /usr/bin/cmake --build /sim_ws/src/pure_pursuit/build/pure_pursuit -- -j12 -l12
[0.073s] [ 50%] Built target record_waypoint_node
[0.075s] [100%] Built target pure_pursuit_node
[0.086s] Invoked command in '/sim_ws/src/pure_pursuit/build/pure_pursuit' returned '0': CMAKE_PREFIX_PATH=/opt/ros/foxy /usr/bin/cmake --build /sim_ws/src/pure_pursuit/build/pure_pursuit -- -j12 -l12
[0.122s] Invoking command in '/sim_ws/src/pure_pursuit/build/pure_pursuit': CMAKE_PREFIX_PATH=/opt/ros/foxy /usr/bin/cmake --install /sim_ws/src/pure_pursuit/build/pure_pursuit
[0.130s] -- Install configuration: ""
[0.130s] -- Execute custom install script
[0.131s] -- Up-to-date symlink: /sim_ws/src/pure_pursuit/install/pure_pursuit/lib/pure_pursuit/pure_pursuit_node
[0.131s] -- Up-to-date symlink: /sim_ws/src/pure_pursuit/install/pure_pursuit/lib/pure_pursuit/record_waypoint_node
[0.131s] -- Up-to-date symlink: /sim_ws/src/pure_pursuit/install/pure_pursuit/share/pure_pursuit/environment/pythonpath.sh
[0.131s] -- Up-to-date symlink: /sim_ws/src/pure_pursuit/install/pure_pursuit/share/pure_pursuit/environment/pythonpath.dsv
[0.132s] -- Up-to-date symlink: /sim_ws/src/pure_pursuit/install/pure_pursuit/lib/python3.8/site-packages/pure_pursuit/__init__.py
[0.132s] -- Up-to-date symlink: /sim_ws/src/pure_pursuit/install/pure_pursuit/lib/pure_pursuit/pure_pursuit_node.py
[0.133s] -- Up-to-date symlink: /sim_ws/src/pure_pursuit/install/pure_pursuit/share/pure_pursuit/config/pure_pursuit_params.yaml
[0.133s] -- Up-to-date symlink: /sim_ws/src/pure_pursuit/install/pure_pursuit/share/pure_pursuit/launch/pure_pursuit_launch.py
[0.133s] -- Up-to-date symlink: /sim_ws/src/pure_pursuit/install/pure_pursuit/share/pure_pursuit/launch/record_waypoint_launch.py
[0.134s] -- Up-to-date symlink: /sim_ws/src/pure_pursuit/install/pure_pursuit/share/pure_pursuit/waypoints/waypoints.txt
[0.134s] -- Up-to-date symlink: /sim_ws/src/pure_pursuit/install/pure_pursuit/share/ament_index/resource_index/package_run_dependencies/pure_pursuit
[0.134s] -- Up-to-date symlink: /sim_ws/src/pure_pursuit/install/pure_pursuit/share/ament_index/resource_index/parent_prefix_path/pure_pursuit
[0.134s] -- Up-to-date symlink: /sim_ws/src/pure_pursuit/install/pure_pursuit/share/pure_pursuit/environment/ament_prefix_path.sh
[0.135s] -- Up-to-date symlink: /sim_ws/src/pure_pursuit/install/pure_pursuit/share/pure_pursuit/environment/ament_prefix_path.dsv
[0.135s] -- Up-to-date symlink: /sim_ws/src/pure_pursuit/install/pure_pursuit/share/pure_pursuit/environment/path.sh
[0.135s] -- Up-to-date symlink: /sim_ws/src/pure_pursuit/install/pure_pursuit/share/pure_pursuit/environment/path.dsv
[0.135s] -- Up-to-date symlink: /sim_ws/src/pure_pursuit/install/pure_pursuit/share/pure_pursuit/local_setup.bash
[0.135s] -- Up-to-date symlink: /sim_ws/src/pure_pursuit/install/pure_pursuit/share/pure_pursuit/local_setup.sh
[0.136s] -- Up-to-date symlink: /sim_ws/src/pure_pursuit/install/pure_pursuit/share/pure_pursuit/local_setup.zsh
[0.136s] -- Up-to-date symlink: /sim_ws/src/pure_pursuit/install/pure_pursuit/share/pure_pursuit/local_setup.dsv
[0.136s] -- Symlinking: /sim_ws/src/pure_pursuit/install/pure_pursuit/share/pure_pursuit/package.dsv
[0.145s] -- Up-to-date symlink: /sim_ws/src/pure_pursuit/install/pure_pursuit/share/ament_index/resource_index/packages/pure_pursuit
[0.145s] -- Up-to-date symlink: /sim_ws/src/pure_pursuit/install/pure_pursuit/share/pure_pursuit/cmake/pure_pursuitConfig.cmake
[0.145s] -- Up-to-date symlink: /sim_ws/src/pure_pursuit/install/pure_pursuit/share/pure_pursuit/cmake/pure_pursuitConfig-version.cmake
[0.145s] -- Up-to-date symlink: /sim_ws/src/pure_pursuit/install/pure_pursuit/share/pure_pursuit/package.xml
[0.170s] Listing '/sim_ws/src/pure_pursuit/install/pure_pursuit/lib/python3.8/site-packages/pure_pursuit'...
[0.175s] Invoked command in '/sim_ws/src/pure_pursuit/build/pure_pursuit' returned '0': CMAKE_PREFIX_PATH=/opt/ros/foxy /usr/bin/cmake --install /sim_ws/src/pure_pursuit/build/pure_pursuit
